<?xml version="1.0" encoding="UTF-8"?>
<!-- Generated by org.testng.reporters.JUnitReportReporter -->
<testsuite hostname="DESKTOP-OR6VU5V" name="MultipleBroserParallel.TestDemo" tests="3" failures="0" timestamp="9 Aug 2020 18:43:00 GMT" time="36.755" errors="0">
  <testcase name="BrowserTest" time="5.714" classname="MultipleBroserParallel.TestDemo"/>
  <testcase name="BrowserTest" time="14.036" classname="MultipleBroserParallel.TestDemo"/>
  <testcase name="BrowserTest" time="17.005" classname="MultipleBroserParallel.TestDemo"/>
</testsuite> <!-- MultipleBroserParallel.TestDemo -->
