<?xml version="1.0" encoding="UTF-8"?>
<!-- Generated by org.testng.reporters.JUnitReportReporter -->
<testsuite hostname="DESKTOP-OR6VU5V" name="MultipleBroserParallel.ParallelDemo" tests="3" failures="0" timestamp="9 Aug 2020 18:36:24 GMT" time="38.241" errors="0">
  <testcase name="BrowserTest" time="17.910" classname="MultipleBroserParallel.ParallelDemo"/>
  <testcase name="BrowserTest" time="14.633" classname="MultipleBroserParallel.ParallelDemo"/>
  <testcase name="BrowserTest" time="5.698" classname="MultipleBroserParallel.ParallelDemo"/>
</testsuite> <!-- MultipleBroserParallel.ParallelDemo -->
