<?xml version="1.0" encoding="UTF-8"?>
<!-- Generated by org.testng.reporters.JUnitReportReporter -->
<testsuite name="annotationPart1.TestNGDemo1" tests="1" time="14.808" ignored="4" failures="0" timestamp="10 Aug 2020 14:27:19 GMT" skipped="0" hostname="DESKTOP-OR6VU5V" errors="0">
  <testcase name="VarifyPageTitle" time="14.808" classname="annotationPart1.TestNGDemo1"/>
  <testcase name="Cat" classname="annotationPart1.TestNGDemo2">
    <skipped/>
  </testcase> <!-- Cat -->
  <testcase name="App" classname="annotationPart1.TestNGDemo2">
    <skipped/>
  </testcase> <!-- App -->
  <testcase name="Bal" classname="annotationPart1.TestNGDemo2">
    <skipped/>
  </testcase> <!-- Bal -->
  <testcase name="Dog" classname="annotationPart1.TestNGDemo2">
    <skipped/>
  </testcase> <!-- Dog -->
</testsuite> <!-- annotationPart1.TestNGDemo1 -->
